<?xml version="1.0" encoding="UTF-8"?>
<!-- Generated by org.testng.reporters.JUnitXMLReporter -->
<testsuite ignored="0" hostname="DESKTOP-HSU04EJ" failures="0" tests="6" name="Surefire test" time="0.055" errors="0" timestamp="2024-07-01T14:40:26 IST">
  <testcase classname="TestBase.Base_TestCase" name="@BeforeMethod start" time="-1.719825026693E9">
    <failure type="org.testng.TestNGException" message="
Parameter &amp;apos;browser&amp;apos; is required by BeforeMethod on method start but has not been marked @Optional or defined
">
      <![CDATA[org.testng.TestNGException: 
Parameter 'browser' is required by BeforeMethod on method start but has not been marked @Optional or defined

at java.base/java.util.ArrayList.forEach(ArrayList.java:1511)
... Removed 33 stack frames]]>
    </failure>
  </testcase> <!-- @BeforeMethod start -->
  <testcase classname="TestBase.Base_TestCase" name="@AfterMethod tearDown" time="0.0">
    <skipped/>
  </testcase> <!-- @AfterMethod tearDown -->
  <testcase classname="TestBase.Base_TestCase" name="@BeforeMethod start" time="-1.719825026711E9">
    <failure type="org.testng.TestNGException" message="
Parameter &amp;apos;browser&amp;apos; is required by BeforeMethod on method start but has not been marked @Optional or defined
">
      <![CDATA[org.testng.TestNGException: 
Parameter 'browser' is required by BeforeMethod on method start but has not been marked @Optional or defined

at java.base/java.util.ArrayList.forEach(ArrayList.java:1511)
... Removed 33 stack frames]]>
    </failure>
  </testcase> <!-- @BeforeMethod start -->
  <testcase classname="TestBase.Base_TestCase" name="@AfterMethod tearDown" time="0.0">
    <skipped/>
  </testcase> <!-- @AfterMethod tearDown -->
  <testcase classname="TestBase.Base_TestCase" name="@BeforeMethod start" time="-1.719825026717E9">
    <failure type="org.testng.TestNGException" message="
Parameter &amp;apos;browser&amp;apos; is required by BeforeMethod on method start but has not been marked @Optional or defined
">
      <![CDATA[org.testng.TestNGException: 
Parameter 'browser' is required by BeforeMethod on method start but has not been marked @Optional or defined

at java.base/java.util.ArrayList.forEach(ArrayList.java:1511)
... Removed 33 stack frames]]>
    </failure>
  </testcase> <!-- @BeforeMethod start -->
  <testcase classname="TestBase.Base_TestCase" name="@AfterMethod tearDown" time="0.0">
    <skipped/>
  </testcase> <!-- @AfterMethod tearDown -->
  <testcase classname="TestBase.Base_TestCase" name="@BeforeMethod start" time="0.0">
    <skipped/>
  </testcase> <!-- @BeforeMethod start -->
  <testcase classname="TestBase.Base_TestCase" name="@AfterMethod tearDown" time="0.0">
    <skipped/>
  </testcase> <!-- @AfterMethod tearDown -->
  <testcase classname="TestBase.Base_TestCase" name="@BeforeMethod start" time="0.0">
    <skipped/>
  </testcase> <!-- @BeforeMethod start -->
  <testcase classname="TestBase.Base_TestCase" name="@AfterMethod tearDown" time="0.0">
    <skipped/>
  </testcase> <!-- @AfterMethod tearDown -->
  <testcase classname="TestBase.Base_TestCase" name="@BeforeMethod start" time="0.0">
    <skipped/>
  </testcase> <!-- @BeforeMethod start -->
  <testcase classname="TestBase.Base_TestCase" name="@AfterMethod tearDown" time="0.0">
    <skipped/>
  </testcase> <!-- @AfterMethod tearDown -->
  <testcase classname="TestCases.TestCase_Login" name="login" time="0.0">
    <skipped/>
  </testcase> <!-- login -->
  <testcase classname="TestCases.TestCase_Register" name="Register" time="0.0">
    <skipped/>
  </testcase> <!-- Register -->
  <testcase classname="TestCases.TestCase_Register_DDT" name="Register" time="0.0">
    <skipped/>
  </testcase> <!-- Register -->
  <testcase classname="TestCases.TestCase_Register_DDT" name="Register" time="0.0">
    <skipped/>
  </testcase> <!-- Register -->
  <testcase classname="TestCases.TestCase_Register_DDT" name="Register" time="0.0">
    <skipped/>
  </testcase> <!-- Register -->
  <testcase classname="TestCases.TestCase_Register_DDT" name="Register" time="0.0">
    <skipped/>
  </testcase> <!-- Register -->
</testsuite> <!-- Surefire test -->
